This is pdfTeX, Version 3.14159265-2.6-1.40.21 (MiKTeX 20.10) (preloaded format=pdflatex 2021.10.27)  28 OCT 2021 17:24
entering extended mode
**./EE_350_hw2.tex
(EE_350_hw2.tex
LaTeX2e <2020-10-01> patch level 1
L3 programming layer <2020-10-05> xparse <2020-03-03>
("/Users/ardendiakhate/Library/Application Support/MiKTeX/texmfs/install/tex/la
tex/base/article.cls"
Document Class: article 2020/04/10 v1.4m Standard LaTeX document class

("/Users/ardendiakhate/Library/Application Support/MiKTeX/texmfs/install/tex/la
tex/base/size10.clo"
File: size10.clo 2020/04/10 v1.4m Standard LaTeX file (size option)
)
\c@part=\count175
\c@section=\count176
\c@subsection=\count177
\c@subsubsection=\count178
\c@paragraph=\count179
\c@subparagraph=\count180
\c@figure=\count181
\c@table=\count182
\abovecaptionskip=\skip47
\belowcaptionskip=\skip48
\bibindent=\dimen138
)
("/Users/ardendiakhate/Library/Application Support/MiKTeX/texmfs/install/tex/la
tex/graphics/graphicx.sty"
Package: graphicx 2020/09/09 v1.2b Enhanced LaTeX Graphics (DPC,SPQR)

("/Users/ardendiakhate/Library/Application Support/MiKTeX/texmfs/install/tex/la
tex/graphics/keyval.sty"
Package: keyval 2014/10/28 v1.15 key=value parser (DPC)
\KV@toks@=\toks15
)
("/Users/ardendiakhate/Library/Application Support/MiKTeX/texmfs/install/tex/la
tex/graphics/graphics.sty"
Package: graphics 2020/08/30 v1.4c Standard LaTeX Graphics (DPC,SPQR)

("/Users/ardendiakhate/Library/Application Support/MiKTeX/texmfs/install/tex/la
tex/graphics/trig.sty"
Package: trig 2016/01/03 v1.10 sin cos tan (DPC)
)
("/Users/ardendiakhate/Library/Application Support/MiKTeX/texmfs/install/tex/la
tex/graphics-cfg/graphics.cfg"
File: graphics.cfg 2016/06/04 v1.11 sample graphics configuration
)
Package graphics Info: Driver file: pdftex.def on input line 105.

("/Users/ardendiakhate/Library/Application Support/MiKTeX/texmfs/install/tex/la
tex/graphics-def/pdftex.def"
File: pdftex.def 2020/10/05 v1.2a Graphics/color driver for pdftex
))
\Gin@req@height=\dimen139
\Gin@req@width=\dimen140
)
("/Users/ardendiakhate/Library/Application Support/MiKTeX/texmfs/install/tex/la
tex/xcolor/xcolor.sty"
Package: xcolor 2016/05/11 v2.12 LaTeX color extensions (UK)

("/Users/ardendiakhate/Library/Application Support/MiKTeX/texmfs/install/tex/la
tex/graphics-cfg/color.cfg"
File: color.cfg 2016/01/02 v1.6 sample color configuration
)
Package xcolor Info: Driver file: pdftex.def on input line 225.
Package xcolor Info: Model `cmy' substituted by `cmy0' on input line 1348.
Package xcolor Info: Model `hsb' substituted by `rgb' on input line 1352.
Package xcolor Info: Model `RGB' extended on input line 1364.
Package xcolor Info: Model `HTML' substituted by `rgb' on input line 1366.
Package xcolor Info: Model `Hsb' substituted by `hsb' on input line 1367.
Package xcolor Info: Model `tHsb' substituted by `hsb' on input line 1368.
Package xcolor Info: Model `HSB' substituted by `hsb' on input line 1369.
Package xcolor Info: Model `Gray' substituted by `gray' on input line 1370.
Package xcolor Info: Model `wave' substituted by `hsb' on input line 1371.

("/Users/ardendiakhate/Library/Application Support/MiKTeX/texmfs/install/tex/la
tex/graphics/dvipsnam.def"
File: dvipsnam.def 2016/06/17 v3.0m Driver-dependent file (DPC,SPQR)
))
("/Users/ardendiakhate/Library/Application Support/MiKTeX/texmfs/install/tex/la
tex/siunitx/siunitx.sty"
("/Users/ardendiakhate/Library/Application Support/MiKTeX/texmfs/install/tex/la
tex/l3kernel/expl3.sty"
Package: expl3 2020-10-05 L3 programming layer (loader) 

("/Users/ardendiakhate/Library/Application Support/MiKTeX/texmfs/install/tex/la
tex/l3backend/l3backend-pdftex.def"
File: l3backend-pdftex.def 2020-09-24 L3 backend support: PDF output (pdfTeX)
\l__kernel_color_stack_int=\count183
\l__pdf_internal_box=\box47
))
("/Users/ardendiakhate/Library/Application Support/MiKTeX/texmfs/install/tex/la
tex/l3packages/xparse/xparse.sty"
Package: xparse 2020-10-05 L3 Experimental document command parser

("/Users/ardendiakhate/Library/Application Support/MiKTeX/texmfs/install/tex/la
tex/l3packages/xparse/xparse-generic.tex"))
Package: siunitx 2020/02/25 v2.8b A comprehensive (SI) units package

("/Users/ardendiakhate/Library/Application Support/MiKTeX/texmfs/install/tex/la
tex/amsmath/amstext.sty"
Package: amstext 2000/06/29 v2.01 AMS text

("/Users/ardendiakhate/Library/Application Support/MiKTeX/texmfs/install/tex/la
tex/amsmath/amsgen.sty"
File: amsgen.sty 1999/11/30 v2.0 generic functions
\@emptytoks=\toks16
\ex@=\dimen141
))
("/Users/ardendiakhate/Library/Application Support/MiKTeX/texmfs/install/tex/la
tex/latex-tools/array.sty"
Package: array 2020/10/01 v2.5c Tabular extension package (FMi)
\col@sep=\dimen142
\ar@mcellbox=\box48
\extrarowheight=\dimen143
\NC@list=\toks17
\extratabsurround=\skip49
\backup@length=\skip50
\ar@cellbox=\box49
)
("/Users/ardendiakhate/Library/Application Support/MiKTeX/texmfs/install/tex/la
tex/l3packages/l3keys2e/l3keys2e.sty"
Package: l3keys2e 2020-10-05 LaTeX2e option processing using LaTeX3 keys
)
\l__siunitx_tmp_box=\box50
\l__siunitx_tmp_dim=\dimen144
\l__siunitx_tmp_int=\count184
\l__siunitx_number_mantissa_length_int=\count185
\l__siunitx_number_uncert_length_int=\count186
\l__siunitx_round_int=\count187
\l__siunitx_process_decimal_int=\count188
\l__siunitx_process_uncertainty_int=\count189
\l__siunitx_process_fixed_int=\count190
\l__siunitx_process_integer_min_int=\count191
\l__siunitx_process_precision_int=\count192
\l__siunitx_group_min_int=\count193
\l__siunitx_angle_marker_box=\box51
\l__siunitx_angle_unit_box=\box52
\l__siunitx_angle_marker_dim=\dimen145
\l__siunitx_angle_unit_dim=\dimen146
\l__siunitx_unit_int=\count194
\l__siunitx_unit_denominator_int=\count195
\l__siunitx_unit_numerator_int=\count196
\l__siunitx_unit_prefix_int=\count197
\l__siunitx_unit_prefix_base_int=\count198
\l__siunitx_unit_prefix_gram_int=\count199
\l__siunitx_number_product_int=\count266
\c__siunitx_one_fill_skip=\skip51
\l__siunitx_table_unit_align_skip=\skip52
\l__siunitx_table_exponent_dim=\dimen147
\l__siunitx_table_integer_dim=\dimen148
\l__siunitx_table_mantissa_dim=\dimen149
\l__siunitx_table_marker_dim=\dimen150
\l__siunitx_table_result_dim=\dimen151
\l__siunitx_table_uncert_dim=\dimen152
\l__siunitx_table_fill_pre_dim=\dimen153
\l__siunitx_table_fill_post_dim=\dimen154
\l__siunitx_table_fill_mid_dim=\dimen155
\l__siunitx_table_pre_box=\box53
\l__siunitx_table_post_box=\box54
\l__siunitx_table_mantissa_box=\box55
\l__siunitx_table_result_box=\box56
\l__siunitx_table_number_align_skip=\skip53
\l__siunitx_table_text_align_skip=\skip54

("/Users/ardendiakhate/Library/Application Support/MiKTeX/texmfs/install/tex/la
tex/translator/translator.sty"
Package: translator 2020-08-03 v1.12c Easy translation of strings in LaTeX
))
("/Users/ardendiakhate/Library/Application Support/MiKTeX/texmfs/install/tex/la
tex/mathtools/mathtools.sty"
Package: mathtools 2020/03/24 v1.24 mathematical typesetting tools

("/Users/ardendiakhate/Library/Application Support/MiKTeX/texmfs/install/tex/la
tex/latex-tools/calc.sty"
Package: calc 2017/05/25 v4.3 Infix arithmetic (KKT,FJ)
\calc@Acount=\count267
\calc@Bcount=\count268
\calc@Adimen=\dimen156
\calc@Bdimen=\dimen157
\calc@Askip=\skip55
\calc@Bskip=\skip56
LaTeX Info: Redefining \setlength on input line 80.
LaTeX Info: Redefining \addtolength on input line 81.
\calc@Ccount=\count269
\calc@Cskip=\skip57
)
("/Users/ardendiakhate/Library/Application Support/MiKTeX/texmfs/install/tex/la
tex/mathtools/mhsetup.sty"
Package: mhsetup 2017/03/31 v1.3 programming setup (MH)
)
("/Users/ardendiakhate/Library/Application Support/MiKTeX/texmfs/install/tex/la
tex/amsmath/amsmath.sty"
Package: amsmath 2020/09/23 v2.17i AMS math features
\@mathmargin=\skip58

For additional information on amsmath, use the `?' option.

("/Users/ardendiakhate/Library/Application Support/MiKTeX/texmfs/install/tex/la
tex/amsmath/amsbsy.sty"
Package: amsbsy 1999/11/29 v1.2d Bold Symbols
\pmbraise@=\dimen158
)
("/Users/ardendiakhate/Library/Application Support/MiKTeX/texmfs/install/tex/la
tex/amsmath/amsopn.sty"
Package: amsopn 2016/03/08 v2.02 operator names
)
\inf@bad=\count270
LaTeX Info: Redefining \frac on input line 234.
\uproot@=\count271
\leftroot@=\count272
LaTeX Info: Redefining \overline on input line 399.
\classnum@=\count273
\DOTSCASE@=\count274
LaTeX Info: Redefining \ldots on input line 496.
LaTeX Info: Redefining \dots on input line 499.
LaTeX Info: Redefining \cdots on input line 620.
\Mathstrutbox@=\box57
\strutbox@=\box58
\big@size=\dimen159
LaTeX Font Info:    Redeclaring font encoding OML on input line 743.
LaTeX Font Info:    Redeclaring font encoding OMS on input line 744.
\macc@depth=\count275
\c@MaxMatrixCols=\count276
\dotsspace@=\muskip16
\c@parentequation=\count277
\dspbrk@lvl=\count278
\tag@help=\toks18
\row@=\count279
\column@=\count280
\maxfields@=\count281
\andhelp@=\toks19
\eqnshift@=\dimen160
\alignsep@=\dimen161
\tagshift@=\dimen162
\tagwidth@=\dimen163
\totwidth@=\dimen164
\lineht@=\dimen165
\@envbody=\toks20
\multlinegap=\skip59
\multlinetaggap=\skip60
\mathdisplay@stack=\toks21
LaTeX Info: Redefining \[ on input line 2923.
LaTeX Info: Redefining \] on input line 2924.
)
LaTeX Info: Thecontrolsequence`\('isalreadyrobust on input line 130.
LaTeX Info: Thecontrolsequence`\)'isalreadyrobust on input line 130.
LaTeX Info: Thecontrolsequence`\['isalreadyrobust on input line 130.
LaTeX Info: Thecontrolsequence`\]'isalreadyrobust on input line 130.
\g_MT_multlinerow_int=\count282
\l_MT_multwidth_dim=\dimen166
\origjot=\skip61
\l_MT_shortvdotswithinadjustabove_dim=\dimen167
\l_MT_shortvdotswithinadjustbelow_dim=\dimen168
\l_MT_above_intertext_sep=\dimen169
\l_MT_below_intertext_sep=\dimen170
\l_MT_above_shortintertext_sep=\dimen171
\l_MT_below_shortintertext_sep=\dimen172
\xmathstrut@box=\box59
\xmathstrut@dim=\dimen173
)
("/Users/ardendiakhate/Library/Application Support/MiKTeX/texmfs/install/tex/la
tex/amsfonts/amsfonts.sty"
Package: amsfonts 2013/01/14 v3.01 Basic AMSFonts support
\symAMSa=\mathgroup4
\symAMSb=\mathgroup5
LaTeX Font Info:    Redeclaring math symbol \hbar on input line 98.
LaTeX Font Info:    Overwriting math alphabet `\mathfrak' in version `bold'
(Font)                  U/euf/m/n --> U/euf/b/n on input line 106.
) (EE_350_hw2.aux)
\openout1 = `EE_350_hw2.aux'.

LaTeX Font Info:    Checking defaults for OML/cmm/m/it on input line 16.
LaTeX Font Info:    ... okay on input line 16.
LaTeX Font Info:    Checking defaults for OMS/cmsy/m/n on input line 16.
LaTeX Font Info:    ... okay on input line 16.
LaTeX Font Info:    Checking defaults for OT1/cmr/m/n on input line 16.
LaTeX Font Info:    ... okay on input line 16.
LaTeX Font Info:    Checking defaults for T1/cmr/m/n on input line 16.
LaTeX Font Info:    ... okay on input line 16.
LaTeX Font Info:    Checking defaults for TS1/cmr/m/n on input line 16.
LaTeX Font Info:    ... okay on input line 16.
LaTeX Font Info:    Checking defaults for OMX/cmex/m/n on input line 16.
LaTeX Font Info:    ... okay on input line 16.
LaTeX Font Info:    Checking defaults for U/cmr/m/n on input line 16.
LaTeX Font Info:    ... okay on input line 16.

("/Users/ardendiakhate/Library/Application Support/MiKTeX/texmfs/install/tex/co
ntext/base/mkii/supp-pdf.mkii"
[Loading MPS to PDF converter (version 2006.09.02).]
\scratchcounter=\count283
\scratchdimen=\dimen174
\scratchbox=\box60
\nofMPsegments=\count284
\nofMParguments=\count285
\everyMPshowfont=\toks22
\MPscratchCnt=\count286
\MPscratchDim=\dimen175
\MPnumerator=\count287
\makeMPintoPDFobject=\count288
\everyMPtoPDFconversion=\toks23
)
("/Users/ardendiakhate/Library/Application Support/MiKTeX/texmfs/install/tex/la
tex/epstopdf-pkg/epstopdf-base.sty"
Package: epstopdf-base 2020-01-24 v2.11 Base part for package epstopdf
Package epstopdf-base Info: Redefining graphics rule for `.eps' on input line 4
85.
)
("/Users/ardendiakhate/Library/Application Support/MiKTeX/texmfs/install/tex/la
tex/siunitx/siunitx-abbreviations.cfg"
File: siunitx-abbreviations.cfg 2017/11/26 v2.7k siunitx: Abbreviated units
)
("/Users/ardendiakhate/Library/Application Support/MiKTeX/texmfs/install/tex/la
tex/translator/translator-basic-dictionary-English.dict"
Dictionary: translator-basic-dictionary, Language: English 
)
LaTeX Font Info:    Trying to load font information for U+msa on input line 16.


("/Users/ardendiakhate/Library/Application Support/MiKTeX/texmfs/install/tex/la
tex/amsfonts/umsa.fd"
File: umsa.fd 2013/01/14 v3.01 AMS symbols A
)
LaTeX Font Info:    Trying to load font information for U+msb on input line 16.


("/Users/ardendiakhate/Library/Application Support/MiKTeX/texmfs/install/tex/la
tex/amsfonts/umsb.fd"
File: umsb.fd 2013/01/14 v3.01 AMS symbols B
)
Underfull \hbox (badness 10000) in paragraph at lines 31--32

 []

<ee350_hw2_1_1.png, id=1, 621.32124pt x 616.3025pt>
File: ee350_hw2_1_1.png Graphic file (type png)
<use ee350_hw2_1_1.png>
Package pdftex.def Info: ee350_hw2_1_1.png  used on input line 33.
(pdftex.def)             Requested size: 169.9964pt x 169.99623pt.
[1

{/Users/ardendiakhate/Library/Application Support/MiKTeX/texmfs/data/pdftex/con
fig/pdftex.map} <./ee350_hw2_1_1.png>] [2] [3]
Overfull \hbox (2.1869pt too wide) in paragraph at lines 167--169
\OT1/cmr/m/n/10 Where by the principle of linearity, the ROC of $\OML/cmm/m/it/
10 X\OT1/cmr/m/n/10 (\OML/cmm/m/it/10 z\OT1/cmr/m/n/10 )$ will be the intersect
ion
 []


Underfull \hbox (badness 10000) in paragraph at lines 167--169

 []


Overfull \hbox (2.52843pt too wide) in paragraph at lines 170--171
[]\OT1/cmr/m/n/10 Assuming that the system is causal, we obtain the following f
rom examining
 []


Overfull \hbox (27.94972pt too wide) detected at line 181
\OML/cmm/m/it/10 X\OT1/cmr/m/n/10 (\OML/cmm/m/it/10 z\OT1/cmr/m/n/10 ) = \OML/c
mm/m/it/10 X[]\OT1/cmr/m/n/10 (\OML/cmm/m/it/10 z\OT1/cmr/m/n/10 ) + \OML/cmm/m
/it/10 X[]\OT1/cmr/m/n/10 (\OML/cmm/m/it/10 z\OT1/cmr/m/n/10 )  =[]\OMS/cmsy/m/
n/10 )  \OML/cmm/m/it/10 x\OT1/cmr/m/n/10 [\OML/cmm/m/it/10 n\OT1/cmr/m/n/10 ] 
= \OML/cmm/m/it/10 x[]\OT1/cmr/m/n/10 [\OML/cmm/m/it/10 n\OT1/cmr/m/n/10 ] + \O
ML/cmm/m/it/10 x[]\OT1/cmr/m/n/10 [\OML/cmm/m/it/10 n\OT1/cmr/m/n/10 ] = \OMS/c
msy/m/n/10  [] [][] \OML/cmm/m/it/10 \OT1/cmr/m/n/10 [\OML/cmm/m/it/10 n\OT1/c
mr/m/n/10 ] + [] [][] \OML/cmm/m/it/10 \OT1/cmr/m/n/10 [\OML/cmm/m/it/10 n\OT1
/cmr/m/n/10 ]
 []

[4]
Underfull \hbox (badness 10000) in paragraph at lines 217--218

 []


Underfull \hbox (badness 10000) in paragraph at lines 219--220

 []

[5]
Overfull \hbox (7.31201pt too wide) in paragraph at lines 247--248
[]\OT1/cmr/m/n/10 The system's output from an input of a step function $\OML/cm
m/m/it/10 \OT1/cmr/m/n/10 [\OML/cmm/m/it/10 n\OT1/cmr/m/n/10 ]$ is the accumul
ation
 []

[6] (EE_350_hw2.aux) ) 
Here is how much of TeX's memory you used:
 5472 strings out of 482169
 116225 string characters out of 2929259
 386129 words of memory out of 3000000
 21745 multiletter control sequences out of 15000+200000
 540524 words of font info for 52 fonts, out of 3000000 for 9000
 0 hyphenation exceptions out of 8191
 60i,11n,67p,355b,382s stack positions out of 5000i,500n,10000p,200000b,50000s
</Users/ardendiakhate/Library/Application Support/MiKTeX/
texmfs/install/fonts/type1/public/amsfonts/cm/cmbx12.pfb></Users/ardendiakhate/
Library/Application Support/MiKTeX/texmfs/install/fonts/type1/public/amsfonts/c
m/cmex10.pfb></Users/ardendiakhate/Library/Application Support/MiKTeX/texmfs/in
stall/fonts/type1/public/amsfonts/cm/cmmi10.pfb></Users/ardendiakhate/Library/A
pplication Support/MiKTeX/texmfs/install/fonts/type1/public/amsfonts/cm/cmmi12.
pfb></Users/ardendiakhate/Library/Application Support/MiKTeX/texmfs/install/fon
ts/type1/public/amsfonts/cm/cmmi7.pfb></Users/ardendiakhate/Library/Application
 Support/MiKTeX/texmfs/install/fonts/type1/public/amsfonts/cm/cmr10.pfb></Users
/ardendiakhate/Library/Application Support/MiKTeX/texmfs/install/fonts/type1/pu
blic/amsfonts/cm/cmr5.pfb></Users/ardendiakhate/Library/Application Support/MiK
TeX/texmfs/install/fonts/type1/public/amsfonts/cm/cmr7.pfb></Users/ardendiakhat
e/Library/Application Support/MiKTeX/texmfs/install/fonts/type1/public/amsfonts
/cm/cmsy10.pfb></Users/ardendiakhate/Library/Application Support/MiKTeX/texmfs/
install/fonts/type1/public/amsfonts/cm/cmsy5.pfb></Users/ardendiakhate/Library/
Application Support/MiKTeX/texmfs/install/fonts/type1/public/amsfonts/cm/cmsy7.
pfb>
Output written on EE_350_hw2.pdf (6 pages, 208704 bytes).
PDF statistics:
 68 PDF objects out of 1000 (max. 8388607)
 0 named destinations out of 1000 (max. 500000)
 6 words of extra memory for PDF output out of 10000 (max. 10000000)

